<?xml version="1.0" encoding="UTF-8"?>
<!-- Generated by org.testng.reporters.JUnitXMLReporter -->
<testsuite ignored="1" hostname="DESKTOP-N8FLDK2" failures="0" tests="3" name="Test" time="46.778" errors="0" timestamp="2025-08-14T23:01:41 IST">
  <testcase classname="testDemo.AnnotationsWebOrders" name="verifyHomePage" time="2.016"/>
  <testcase classname="testDemo.AnnotationsWebOrders" name="viewAllOrders" time="7.585"/>
  <testcase classname="testDemo.AnnotationsWebOrders" name="placeOrder" time="19.382"/>
  <testcase classname="testDemo.AnnotationsWebOrders" name="viewAllProducts" time="0.0">
    <ignored/>
  </testcase> <!-- viewAllProducts -->
</testsuite> <!-- Test -->
