<?xml version="1.0" encoding="UTF-8"?>
<testng-results ignored="0" total="2" passed="2" failed="0" skipped="0">
  <reporter-output>
  </reporter-output>
  <suite started-at="2025-08-21T15:20:34 IST" name="Default suite" finished-at="2025-08-21T15:20:54 IST" duration-ms="20172">
    <groups>
      <group name="cucumber">
        <method signature="AbstractTestNGCucumberTests.runScenario(io.cucumber.testng.PickleWrapper,io.cucumber.testng.FeatureWrapper)[pri:0, instance:runner.TestRunner1@35841320]" name="runScenario" class="io.cucumber.testng.AbstractTestNGCucumberTests"/>
      </group> <!-- cucumber -->
    </groups>
    <test started-at="2025-08-21T15:20:34 IST" name="Default test" finished-at="2025-08-21T15:20:54 IST" duration-ms="20172">
      <class name="runner.TestRunner1">
        <test-method is-config="true" signature="setUpClass(org.testng.ITestContext)[pri:0, instance:runner.TestRunner1@35841320]" started-at="2025-08-21T15:20:34 IST" name="setUpClass" finished-at="2025-08-21T15:20:35 IST" duration-ms="824" status="PASS">
          <params>
            <param index="0">
              <value>
                <![CDATA[org.testng.TestRunner@71d9cb05]]>
              </value>
            </param>
          </params>
          <reporter-output>
          </reporter-output>
        </test-method> <!-- setUpClass -->
        <test-method signature="runScenario(io.cucumber.testng.PickleWrapper,io.cucumber.testng.FeatureWrapper)[pri:0, instance:runner.TestRunner1@35841320]" started-at="2025-08-21T15:20:35 IST" name="runScenario" description="Runs Cucumber Scenarios" data-provider="scenarios" finished-at="2025-08-21T15:20:45 IST" duration-ms="10480" status="PASS">
          <params>
            <param index="0">
              <value>
                <![CDATA["Successful Product Search"]]>
              </value>
            </param>
            <param index="1">
              <value>
                <![CDATA["Flipkart Search Functionality"]]>
              </value>
            </param>
          </params>
          <reporter-output>
          </reporter-output>
        </test-method> <!-- runScenario -->
        <test-method signature="runScenario(io.cucumber.testng.PickleWrapper,io.cucumber.testng.FeatureWrapper)[pri:0, instance:runner.TestRunner1@35841320]" started-at="2025-08-21T15:20:46 IST" name="runScenario" description="Runs Cucumber Scenarios" data-provider="scenarios" finished-at="2025-08-21T15:20:54 IST" duration-ms="8782" status="PASS">
          <params>
            <param index="0">
              <value>
                <![CDATA["Invalid Product Search"]]>
              </value>
            </param>
            <param index="1">
              <value>
                <![CDATA["Flipkart Search Functionality"]]>
              </value>
            </param>
          </params>
          <reporter-output>
          </reporter-output>
        </test-method> <!-- runScenario -->
        <test-method is-config="true" signature="tearDownClass()[pri:0, instance:runner.TestRunner1@35841320]" started-at="2025-08-21T15:20:54 IST" name="tearDownClass" finished-at="2025-08-21T15:20:54 IST" duration-ms="23" status="PASS">
          <reporter-output>
          </reporter-output>
        </test-method> <!-- tearDownClass -->
      </class> <!-- runner.TestRunner1 -->
    </test> <!-- Default test -->
  </suite> <!-- Default suite -->
</testng-results>
