<?xml version="1.0" encoding="UTF-8"?>
<!-- Generated by org.testng.reporters.JUnitXMLReporter -->
<testsuite ignored="0" hostname="DESKTOP-N8FLDK2" failures="0" tests="4" name="Default test" time="45.307" errors="0" timestamp="2025-08-14T22:22:34 IST">
  <testcase classname="testDemo.AnnotationsWO" name="verifyHomePage" time="2.018"/>
  <testcase classname="testDemo.AnnotationsWO" name="viewAllOrders" time="4.666"/>
  <testcase classname="testDemo.AnnotationsWO" name="viewAllProducts" time="4.439"/>
  <testcase classname="testDemo.AnnotationsWO" name="placeOrder" time="19.09"/>
</testsuite> <!-- Default test -->
