<?xml version="1.0" encoding="UTF-8"?>
<testng-results ignored="1" total="4" passed="3" failed="0" skipped="0">
  <reporter-output>
  </reporter-output>
  <suite started-at="2025-08-14T23:00:54 IST" name="Suite" finished-at="2025-08-14T23:01:41 IST" duration-ms="46778">
    <groups>
      <group name="smoke">
        <method signature="AnnotationsWebOrders.verifyHomePage()[pri:1, instance:testDemo.AnnotationsWebOrders@548d708a]" name="verifyHomePage" class="testDemo.AnnotationsWebOrders"/>
        <method signature="AnnotationsWebOrders.viewAllOrders()[pri:2, instance:testDemo.AnnotationsWebOrders@548d708a]" name="viewAllOrders" class="testDemo.AnnotationsWebOrders"/>
        <method signature="AnnotationsWebOrders.placeOrder()[pri:3, instance:testDemo.AnnotationsWebOrders@548d708a]" name="placeOrder" class="testDemo.AnnotationsWebOrders"/>
      </group> <!-- smoke -->
    </groups>
    <test started-at="2025-08-14T23:00:54 IST" name="Test" finished-at="2025-08-14T23:01:41 IST" duration-ms="46778">
      <class name="testDemo.AnnotationsWebOrders">
        <test-method is-config="true" signature="beforeSuite()[pri:0, instance:testDemo.AnnotationsWebOrders@548d708a]" started-at="2025-08-14T23:00:54 IST" name="beforeSuite" finished-at="2025-08-14T23:00:54 IST" duration-ms="10" status="PASS">
          <reporter-output>
          </reporter-output>
        </test-method> <!-- beforeSuite -->
        <test-method is-config="true" signature="setUp(java.lang.String,java.lang.String)[pri:0, instance:testDemo.AnnotationsWebOrders@548d708a]" started-at="2025-08-14T23:00:54 IST" name="setUp" finished-at="2025-08-14T23:01:12 IST" duration-ms="17378" status="PASS">
          <params>
            <param index="0">
              <value>
                <![CDATA[chrome]]>
              </value>
            </param>
            <param index="1">
              <value>
                <![CDATA[http://secure.smartbearsoftware.com/samples/TestComplete12/WebOrders/Login.aspx]]>
              </value>
            </param>
          </params>
          <reporter-output>
          </reporter-output>
        </test-method> <!-- setUp -->
        <test-method signature="verifyHomePage()[pri:1, instance:testDemo.AnnotationsWebOrders@548d708a]" started-at="2025-08-14T23:01:12 IST" name="verifyHomePage" finished-at="2025-08-14T23:01:14 IST" duration-ms="2016" status="PASS">
          <reporter-output>
          </reporter-output>
        </test-method> <!-- verifyHomePage -->
        <test-method signature="viewAllOrders()[pri:2, instance:testDemo.AnnotationsWebOrders@548d708a]" started-at="2025-08-14T23:01:14 IST" name="viewAllOrders" finished-at="2025-08-14T23:01:21 IST" duration-ms="7585" status="PASS">
          <reporter-output>
          </reporter-output>
        </test-method> <!-- viewAllOrders -->
        <test-method signature="placeOrder()[pri:3, instance:testDemo.AnnotationsWebOrders@548d708a]" started-at="2025-08-14T23:01:21 IST" name="placeOrder" finished-at="2025-08-14T23:01:41 IST" duration-ms="19382" status="PASS">
          <reporter-output>
          </reporter-output>
        </test-method> <!-- placeOrder -->
        <test-method is-config="true" signature="tearDown()[pri:0, instance:testDemo.AnnotationsWebOrders@548d708a]" started-at="2025-08-14T23:01:41 IST" name="tearDown" finished-at="2025-08-14T23:01:41 IST" duration-ms="371" status="PASS">
          <reporter-output>
          </reporter-output>
        </test-method> <!-- tearDown -->
        <test-method is-config="true" signature="afterSuite()[pri:0, instance:testDemo.AnnotationsWebOrders@548d708a]" started-at="2025-08-14T23:01:41 IST" name="afterSuite" finished-at="2025-08-14T23:01:41 IST" duration-ms="0" status="PASS">
          <reporter-output>
          </reporter-output>
        </test-method> <!-- afterSuite -->
      </class> <!-- testDemo.AnnotationsWebOrders -->
    </test> <!-- Test -->
  </suite> <!-- Suite -->
</testng-results>
