<?xml version="1.0" encoding="UTF-8"?>
<testng-results ignored="0" total="2" passed="2" failed="0" skipped="0">
  <reporter-output>
  </reporter-output>
  <suite started-at="2025-08-13T12:09:26 IST" name="Default suite" finished-at="2025-08-13T12:10:05 IST" duration-ms="38805">
    <groups>
    </groups>
    <test started-at="2025-08-13T12:09:26 IST" name="Default test" finished-at="2025-08-13T12:10:05 IST" duration-ms="38805">
      <class name="testDemo.testNG">
        <test-method is-config="true" signature="launchBrowser()[pri:0, instance:testDemo.testNG@5d0bf09b]" started-at="2025-08-13T12:09:26 IST" name="launchBrowser" finished-at="2025-08-13T12:09:56 IST" duration-ms="29639" status="PASS">
          <reporter-output>
          </reporter-output>
        </test-method> <!-- launchBrowser -->
        <test-method signature="launchGoogle()[pri:0, instance:testDemo.testNG@5d0bf09b]" started-at="2025-08-13T12:09:56 IST" name="launchGoogle" finished-at="2025-08-13T12:09:59 IST" duration-ms="3132" status="PASS">
          <reporter-output>
          </reporter-output>
        </test-method> <!-- launchGoogle -->
        <test-method signature="registerNewUser()[pri:0, instance:testDemo.testNG@5d0bf09b]" started-at="2025-08-13T12:09:59 IST" name="registerNewUser" finished-at="2025-08-13T12:10:05 IST" duration-ms="5380" status="PASS">
          <reporter-output>
          </reporter-output>
        </test-method> <!-- registerNewUser -->
        <test-method is-config="true" signature="tearDown()[pri:0, instance:testDemo.testNG@5d0bf09b]" started-at="2025-08-13T12:10:05 IST" name="tearDown" finished-at="2025-08-13T12:10:05 IST" duration-ms="604" status="PASS">
          <reporter-output>
          </reporter-output>
        </test-method> <!-- tearDown -->
      </class> <!-- testDemo.testNG -->
    </test> <!-- Default test -->
  </suite> <!-- Default suite -->
</testng-results>
